<?xml version="1.0" encoding="UTF-8"?>
<testsuite xmlns:xsi="http://www.w3.org/2001/XMLSchema-instance" xsi:noNamespaceSchemaLocation="https://maven.apache.org/surefire/maven-surefire-plugin/xsd/surefire-test-report-3.0.xsd" version="3.0" name="service.EstoqueTest" time="0.052" tests="9" errors="0" skipped="0" failures="0">
  <properties>
[...]
</properties>
  <testcase name="testRegistrarEntrada" classname="service.EstoqueTest" time="0.025">
    <system-err><![CDATA[[main] INFO service.Estoque - Produto adicionado: Produto Entrada
[main] INFO service.Estoque - Entrada registrada. Quantidade atual: 150
]]></system-err>
  </testcase>
  <testcase name="testAdicionarObservador" classname="service.EstoqueTest" time="0.002"/>
  <testcase name="testAdicionarProduto" classname="service.EstoqueTest" time="0.001">
    <system-err><![CDATA[[main] INFO service.Estoque - Produto adicionado: Produto Teste
]]></system-err>
  </testcase>
  <testcase name="testRegistrarEntradaProdutoInexistente" classname="service.EstoqueTest" time="0.002">
    <system-err><![CDATA[[main] WARN service.Estoque - Produto não encontrado: INEXISTENTE
]]></system-err>
  </testcase>
  <testcase name="testSetEstrategiaReposicao" classname="service.EstoqueTest" time="0.004"/>
  <testcase name="testRegistrarSaidaProdutoInexistente" classname="service.EstoqueTest" time="0.0">
    <system-err><![CDATA[[main] WARN service.Estoque - Produto não encontrado: INEXISTENTE
]]></system-err>
  </testcase>
  <testcase name="testRegistrarSaidaComSucesso" classname="service.EstoqueTest" time="0.001">
    <system-err><![CDATA[[main] INFO service.Estoque - Produto adicionado: Produto Saida
[main] INFO service.Estoque - Saída registrada. Quantidade atual: 70
]]></system-err>
  </testcase>
  <testcase name="testListarProdutos" classname="service.EstoqueTest" time="0.005">
    <system-err><![CDATA[[main] INFO service.Estoque - Produto adicionado: Produto Lista
[main] INFO service.Estoque - === Produtos no Estoque ===
[main] INFO service.Estoque - ProdutoGenerico{nome='Produto Entrada', codigo='TEST_ENT', quantidade=150, categoria=Teste, fornecedor=Fornecedor Teste}
[main] INFO service.Estoque - ProdutoGenerico{nome='Produto Teste', codigo='TEST_ADD', quantidade=100, categoria=Teste, fornecedor=Fornecedor Teste}
[main] INFO service.Estoque - ProdutoGenerico{nome='Produto Saida', codigo='TEST_SAIDA', quantidade=70, categoria=Teste, fornecedor=Fornecedor Teste}
[main] INFO service.Estoque - ProdutoGenerico{nome='Produto Lista', codigo='TEST_LIST', quantidade=100, categoria=Teste, fornecedor=Fornecedor Teste}
]]></system-err>
  </testcase>
  <testcase name="testRegistrarSaidaComQuantidadeInsuficiente" classname="service.EstoqueTest" time="0.001">
    <system-err><![CDATA[[main] INFO service.Estoque - Produto adicionado: Produto Limitado
[main] ERROR service.Estoque - Quantidade insuficiente para saída. Disponível: 10, Solicitado: 50
]]></system-err>
  </testcase>
</testsuite>