<?xml version="1.0" encoding="UTF-8"?>
<testsuite xmlns:xsi="http://www.w3.org/2001/XMLSchema-instance" xsi:noNamespaceSchemaLocation="https://maven.apache.org/surefire/maven-surefire-plugin/xsd/surefire-test-report-3.0.xsd" version="3.0" name="factory.ProdutoFactoryTest" time="0.074" tests="3" errors="0" skipped="0" failures="0">
  <properties>
[...]
</properties>
  <testcase name="testConstrutorPrivado" classname="factory.ProdutoFactoryTest" time="0.039"/>
  <testcase name="testCriarProdutoComDiferentesParametros" classname="factory.ProdutoFactoryTest" time="0.004">
    <system-out><![CDATA[[Factory] Criando produto genérico...
]]></system-out>
  </testcase>
  <testcase name="testCriarProduto" classname="factory.ProdutoFactoryTest" time="0.002">
    <system-out><![CDATA[[Factory] Criando produto genérico...
]]></system-out>
  </testcase>
</testsuite>